01/19/2022 1:07:04 PM: Log In Error
0 alexandru  fez0021fMqIFsv31NgbidA==
01/19/2022 6:38:46 PM: Duplicated username/email
01/19/2022 7:22:12 PM: Plan Creator Error
01/19/2022 7:25:20 PM: Plan Creator Error
01/19/2022 7:36:04 PM: Plan Creator Error
01/19/2022 7:38:46 PM: Plan Creator Error
01/19/2022 7:45:00 PM: Plan Creator Error
01/19/2022 7:45:05 PM: Plan Creator Error
01/19/2022 7:45:09 PM: Plan Creator Error
01/19/2022 7:45:10 PM: Plan Creator Error
01/19/2022 7:45:10 PM: Plan Creator Error
01/19/2022 7:45:10 PM: Plan Creator Error
01/19/2022 7:45:10 PM: Plan Creator Error
01/19/2022 7:45:10 PM: Plan Creator Error
01/19/2022 7:45:10 PM: Plan Creator Error
01/19/2022 7:45:11 PM: Plan Creator Error
01/19/2022 7:45:11 PM: Plan Creator Error
01/19/2022 7:45:11 PM: Plan Creator Error
01/19/2022 7:45:11 PM: Plan Creator Error
01/19/2022 7:45:11 PM: Plan Creator Error
01/19/2022 7:45:12 PM: Plan Creator Error
01/19/2022 7:45:12 PM: Plan Creator Error
01/19/2022 7:45:12 PM: Plan Creator Error
01/19/2022 7:45:12 PM: Plan Creator Error
01/19/2022 7:45:12 PM: Plan Creator Error
01/19/2022 7:45:12 PM: Plan Creator Error
01/19/2022 7:45:13 PM: Plan Creator Error
01/19/2022 7:45:13 PM: Plan Creator Error
01/19/2022 7:45:15 PM: Plan Creator Error
01/19/2022 7:45:16 PM: Plan Creator Error
01/19/2022 7:45:16 PM: Plan Creator Error
01/19/2022 7:45:16 PM: Plan Creator Error
01/19/2022 7:45:16 PM: Plan Creator Error
01/19/2022 7:45:17 PM: Plan Creator Error
01/19/2022 7:45:17 PM: Plan Creator Error
01/19/2022 7:45:17 PM: Plan Creator Error
01/19/2022 7:50:48 PM: Plan Creator Error
01/19/2022 7:50:54 PM: Plan Creator Error
01/19/2022 7:51:06 PM: Plan Creator Error
01/19/2022 7:51:18 PM: Plan Creator Error
01/19/2022 7:51:18 PM: Plan Creator Error
01/19/2022 7:51:19 PM: Plan Creator Error
01/19/2022 7:51:19 PM: Plan Creator Error
01/19/2022 7:51:19 PM: Plan Creator Error
01/19/2022 7:51:19 PM: Plan Creator Error
01/19/2022 7:51:19 PM: Plan Creator Error
01/19/2022 7:51:24 PM: Plan Creator Error
01/19/2022 7:51:24 PM: Plan Creator Error
01/19/2022 7:51:24 PM: Plan Creator Error
01/19/2022 7:51:27 PM: Plan Creator Error
01/19/2022 7:51:51 PM: Plan Creator Error
01/19/2022 8:01:03 PM: Plan Creator Error
01/19/2022 8:01:07 PM: Plan Creator Error
01/19/2022 8:01:07 PM: Plan Creator Error
01/19/2022 8:01:07 PM: Plan Creator Error
01/19/2022 8:01:07 PM: Plan Creator Error
01/19/2022 8:05:20 PM: Plan Creator Error
01/19/2022 8:06:18 PM: Plan Creator Error
01/19/2022 8:07:11 PM: Plan Creator Error
01/19/2022 8:07:18 PM: Plan Creator Error
01/19/2022 8:07:20 PM: Plan Creator Error
01/19/2022 8:07:25 PM: Plan Creator Error
01/19/2022 8:07:28 PM: Plan Creator Error
01/19/2022 8:07:29 PM: Plan Creator Error
01/19/2022 8:07:29 PM: Plan Creator Error
01/19/2022 8:07:29 PM: Plan Creator Error
01/19/2022 8:13:38 PM: Plan Creator Error
01/19/2022 8:13:42 PM: Plan Creator Error
01/19/2022 8:13:43 PM: Plan Creator Error
01/19/2022 8:13:44 PM: Plan Creator Error
01/19/2022 8:13:44 PM: Plan Creator Error
00vasilecampeanuTestTest5/16/2022 5:50:06 AMTest
01/19/2022 8:19:47 PM: Plan Creator Error
0 0 vasilecampeanu Test Test 5/16/2022 5:50:06 AM Test
01/19/2022 8:26:36 PM: Plan Creator Error
01/19/2022 8:49:14 PM ui19: 0 res: SELECT 
    [Extent1].[Id] AS [Id], 
    [Extent1].[IdUser] AS [IdUser], 
    [Extent1].[UserName] AS [UserName], 
    [Extent1].[PlanName] AS [PlanName], 
    [Extent1].[Description] AS [Description], 
    [Extent1].[Deadline] AS [Deadline], 
    [Extent1].[Status] AS [Status]
    FROM [dbo].[PlanModels] AS [Extent1]
    WHERE [Extent1].[IdUser] = @p__linq__0
01/19/2022 8:52:21 PM ui19: 0 res: SELECT 
    [Extent1].[Id] AS [Id], 
    [Extent1].[IdUser] AS [IdUser], 
    [Extent1].[UserName] AS [UserName], 
    [Extent1].[PlanName] AS [PlanName], 
    [Extent1].[Description] AS [Description], 
    [Extent1].[Deadline] AS [Deadline], 
    [Extent1].[Status] AS [Status]
    FROM [dbo].[PlanModels] AS [Extent1]
    WHERE [Extent1].[IdUser] = @p__linq__0
01/19/2022 8:58:28 PM ui19: 0 res: SELECT 
    [Extent1].[Id] AS [Id], 
    [Extent1].[IdUser] AS [IdUser], 
    [Extent1].[UserName] AS [UserName], 
    [Extent1].[PlanName] AS [PlanName], 
    [Extent1].[Description] AS [Description], 
    [Extent1].[Deadline] AS [Deadline], 
    [Extent1].[Status] AS [Status]
    FROM [dbo].[PlanModels] AS [Extent1]
    WHERE [Extent1].[IdUser] = @p__linq__0
01/19/2022 9:04:32 PM ui19: 0 res: SELECT 
    [Extent1].[Id] AS [Id], 
    [Extent1].[IdUser] AS [IdUser], 
    [Extent1].[UserName] AS [UserName], 
    [Extent1].[PlanName] AS [PlanName], 
    [Extent1].[Description] AS [Description], 
    [Extent1].[Deadline] AS [Deadline], 
    [Extent1].[Status] AS [Status]
    FROM [dbo].[PlanModels] AS [Extent1]
    WHERE [Extent1].[IdUser] = @p__linq__0
01/19/2022 9:07:16 PM ui19: 0 res: SELECT 
    [Extent1].[Id] AS [Id], 
    [Extent1].[IdUser] AS [IdUser], 
    [Extent1].[UserName] AS [UserName], 
    [Extent1].[PlanName] AS [PlanName], 
    [Extent1].[Description] AS [Description], 
    [Extent1].[Deadline] AS [Deadline], 
    [Extent1].[Status] AS [Status]
    FROM [dbo].[PlanModels] AS [Extent1]
    WHERE [Extent1].[IdUser] = @p__linq__0
01/19/2022 9:14:59 PM ui19: 0 res: SELECT 
    [Extent1].[Id] AS [Id], 
    [Extent1].[IdUser] AS [IdUser], 
    [Extent1].[UserName] AS [UserName], 
    [Extent1].[PlanName] AS [PlanName], 
    [Extent1].[Description] AS [Description], 
    [Extent1].[Deadline] AS [Deadline], 
    [Extent1].[Status] AS [Status]
    FROM [dbo].[PlanModels] AS [Extent1]
    WHERE [Extent1].[IdUser] = @p__linq__0
01/19/2022 9:18:01 PM ui19: 0 res: SELECT 
    [Extent1].[Id] AS [Id], 
    [Extent1].[IdUser] AS [IdUser], 
    [Extent1].[UserName] AS [UserName], 
    [Extent1].[PlanName] AS [PlanName], 
    [Extent1].[Description] AS [Description], 
    [Extent1].[Deadline] AS [Deadline], 
    [Extent1].[Status] AS [Status]
    FROM [dbo].[PlanModels] AS [Extent1]
    WHERE [Extent1].[IdUser] = @p__linq__0
01/19/2022 9:20:42 PM ui19: 0 res: SELECT 
    [Extent1].[Id] AS [Id], 
    [Extent1].[IdUser] AS [IdUser], 
    [Extent1].[UserName] AS [UserName], 
    [Extent1].[PlanName] AS [PlanName], 
    [Extent1].[Description] AS [Description], 
    [Extent1].[Deadline] AS [Deadline], 
    [Extent1].[Status] AS [Status]
    FROM [dbo].[PlanModels] AS [Extent1]
    WHERE [Extent1].[IdUser] = @p__linq__0
01/19/2022 9:20:55 PM: Duplicated username/email
01/19/2022 9:25:12 PM: Duplicated username/email
01/19/2022 9:33:33 PM: User not logged in
01/19/2022 9:34:11 PM ui19: 0 res: SELECT 
    [Extent1].[Id] AS [Id], 
    [Extent1].[IdUser] AS [IdUser], 
    [Extent1].[UserName] AS [UserName], 
    [Extent1].[PlanName] AS [PlanName], 
    [Extent1].[Description] AS [Description], 
    [Extent1].[Deadline] AS [Deadline], 
    [Extent1].[Status] AS [Status]
    FROM [dbo].[PlanModels] AS [Extent1]
    WHERE [Extent1].[IdUser] = @p__linq__0
01/19/2022 9:34:33 PM ui19: 0 res: SELECT 
    [Extent1].[Id] AS [Id], 
    [Extent1].[IdUser] AS [IdUser], 
    [Extent1].[UserName] AS [UserName], 
    [Extent1].[PlanName] AS [PlanName], 
    [Extent1].[Description] AS [Description], 
    [Extent1].[Deadline] AS [Deadline], 
    [Extent1].[Status] AS [Status]
    FROM [dbo].[PlanModels] AS [Extent1]
    WHERE [Extent1].[IdUser] = @p__linq__0
01/19/2022 9:57:52 PM ui19: 0 res: SELECT 
    [Extent1].[Id] AS [Id], 
    [Extent1].[IdUser] AS [IdUser], 
    [Extent1].[UserName] AS [UserName], 
    [Extent1].[PlanName] AS [PlanName], 
    [Extent1].[Description] AS [Description], 
    [Extent1].[Deadline] AS [Deadline], 
    [Extent1].[Status] AS [Status]
    FROM [dbo].[PlanModels] AS [Extent1]
    WHERE [Extent1].[IdUser] = @p__linq__0
01/19/2022 9:59:36 PM: User not logged in
01/19/2022 10:00:36 PM ui19: 3 res: SELECT 
    [Extent1].[Id] AS [Id], 
    [Extent1].[IdUser] AS [IdUser], 
    [Extent1].[UserName] AS [UserName], 
    [Extent1].[PlanName] AS [PlanName], 
    [Extent1].[Description] AS [Description], 
    [Extent1].[Deadline] AS [Deadline], 
    [Extent1].[Status] AS [Status]
    FROM [dbo].[PlanModels] AS [Extent1]
    WHERE [Extent1].[IdUser] = @p__linq__0
01/19/2022 10:03:53 PM ui19: 0 res: SELECT 
    [Extent1].[Id] AS [Id], 
    [Extent1].[IdUser] AS [IdUser], 
    [Extent1].[UserName] AS [UserName], 
    [Extent1].[PlanName] AS [PlanName], 
    [Extent1].[Description] AS [Description], 
    [Extent1].[Deadline] AS [Deadline], 
    [Extent1].[Status] AS [Status]
    FROM [dbo].[PlanModels] AS [Extent1]
    WHERE [Extent1].[IdUser] = @p__linq__0
01/19/2022 10:05:45 PM ui19: 0 res: SELECT 
    [Extent1].[Id] AS [Id], 
    [Extent1].[IdUser] AS [IdUser], 
    [Extent1].[UserName] AS [UserName], 
    [Extent1].[PlanName] AS [PlanName], 
    [Extent1].[Description] AS [Description], 
    [Extent1].[Deadline] AS [Deadline], 
    [Extent1].[Status] AS [Status]
    FROM [dbo].[PlanModels] AS [Extent1]
    WHERE [Extent1].[IdUser] = @p__linq__0
01/19/2022 10:09:16 PM ui19: 0 res: SELECT 
    [Extent1].[Id] AS [Id], 
    [Extent1].[IdUser] AS [IdUser], 
    [Extent1].[UserName] AS [UserName], 
    [Extent1].[PlanName] AS [PlanName], 
    [Extent1].[Description] AS [Description], 
    [Extent1].[Deadline] AS [Deadline], 
    [Extent1].[Status] AS [Status]
    FROM [dbo].[PlanModels] AS [Extent1]
    WHERE [Extent1].[IdUser] = @p__linq__0
01/19/2022 10:09:28 PM: 404 Error
01/19/2022 10:09:42 PM ui19: 0 res: SELECT 
    [Extent1].[Id] AS [Id], 
    [Extent1].[IdUser] AS [IdUser], 
    [Extent1].[UserName] AS [UserName], 
    [Extent1].[PlanName] AS [PlanName], 
    [Extent1].[Description] AS [Description], 
    [Extent1].[Deadline] AS [Deadline], 
    [Extent1].[Status] AS [Status]
    FROM [dbo].[PlanModels] AS [Extent1]
    WHERE [Extent1].[IdUser] = @p__linq__0
01/19/2022 10:09:50 PM: 404 Error
01/19/2022 10:12:30 PM: User not logged in
01/19/2022 10:13:35 PM ui19: 0 res: SELECT 
    [Extent1].[Id] AS [Id], 
    [Extent1].[IdUser] AS [IdUser], 
    [Extent1].[UserName] AS [UserName], 
    [Extent1].[PlanName] AS [PlanName], 
    [Extent1].[Description] AS [Description], 
    [Extent1].[Deadline] AS [Deadline], 
    [Extent1].[Status] AS [Status]
    FROM [dbo].[PlanModels] AS [Extent1]
    WHERE [Extent1].[IdUser] = @p__linq__0
01/19/2022 10:14:41 PM: User not logged in
01/19/2022 10:15:15 PM ui19: 0 res: SELECT 
    [Extent1].[Id] AS [Id], 
    [Extent1].[IdUser] AS [IdUser], 
    [Extent1].[UserName] AS [UserName], 
    [Extent1].[PlanName] AS [PlanName], 
    [Extent1].[Description] AS [Description], 
    [Extent1].[Deadline] AS [Deadline], 
    [Extent1].[Status] AS [Status]
    FROM [dbo].[PlanModels] AS [Extent1]
    WHERE [Extent1].[IdUser] = @p__linq__0
01/19/2022 10:18:14 PM: User not logged in
01/19/2022 10:18:46 PM ui19: 0 res: SELECT 
    [Extent1].[Id] AS [Id], 
    [Extent1].[IdUser] AS [IdUser], 
    [Extent1].[UserName] AS [UserName], 
    [Extent1].[PlanName] AS [PlanName], 
    [Extent1].[Description] AS [Description], 
    [Extent1].[Deadline] AS [Deadline], 
    [Extent1].[Status] AS [Status]
    FROM [dbo].[PlanModels] AS [Extent1]
    WHERE [Extent1].[IdUser] = @p__linq__0
01/19/2022 10:23:16 PM: User not logged in
01/19/2022 10:24:04 PM ui19: 0 res: SELECT 
    [Extent1].[Id] AS [Id], 
    [Extent1].[IdUser] AS [IdUser], 
    [Extent1].[UserName] AS [UserName], 
    [Extent1].[PlanName] AS [PlanName], 
    [Extent1].[Description] AS [Description], 
    [Extent1].[Deadline] AS [Deadline], 
    [Extent1].[Status] AS [Status]
    FROM [dbo].[PlanModels] AS [Extent1]
    WHERE [Extent1].[IdUser] = @p__linq__0
01/19/2022 10:24:11 PM: 404 Error
01/19/2022 10:33:25 PM: User not logged in
01/19/2022 10:34:06 PM ui19: 0 res: SELECT 
    [Extent1].[Id] AS [Id], 
    [Extent1].[IdUser] AS [IdUser], 
    [Extent1].[UserName] AS [UserName], 
    [Extent1].[PlanName] AS [PlanName], 
    [Extent1].[Description] AS [Description], 
    [Extent1].[Deadline] AS [Deadline], 
    [Extent1].[Status] AS [Status]
    FROM [dbo].[PlanModels] AS [Extent1]
    WHERE [Extent1].[IdUser] = @p__linq__0
01/19/2022 10:34:19 PM ui19: 0 res: SELECT 
    [Extent1].[Id] AS [Id], 
    [Extent1].[IdUser] AS [IdUser], 
    [Extent1].[UserName] AS [UserName], 
    [Extent1].[PlanName] AS [PlanName], 
    [Extent1].[Description] AS [Description], 
    [Extent1].[Deadline] AS [Deadline], 
    [Extent1].[Status] AS [Status]
    FROM [dbo].[PlanModels] AS [Extent1]
    WHERE [Extent1].[IdUser] = @p__linq__0
01/19/2022 10:34:26 PM ui19: 0 res: SELECT 
    [Extent1].[Id] AS [Id], 
    [Extent1].[IdUser] AS [IdUser], 
    [Extent1].[UserName] AS [UserName], 
    [Extent1].[PlanName] AS [PlanName], 
    [Extent1].[Description] AS [Description], 
    [Extent1].[Deadline] AS [Deadline], 
    [Extent1].[Status] AS [Status]
    FROM [dbo].[PlanModels] AS [Extent1]
    WHERE [Extent1].[IdUser] = @p__linq__0
01/19/2022 10:34:31 PM ui19: 0 res: SELECT 
    [Extent1].[Id] AS [Id], 
    [Extent1].[IdUser] AS [IdUser], 
    [Extent1].[UserName] AS [UserName], 
    [Extent1].[PlanName] AS [PlanName], 
    [Extent1].[Description] AS [Description], 
    [Extent1].[Deadline] AS [Deadline], 
    [Extent1].[Status] AS [Status]
    FROM [dbo].[PlanModels] AS [Extent1]
    WHERE [Extent1].[IdUser] = @p__linq__0
01/19/2022 10:34:37 PM ui19: 0 res: SELECT 
    [Extent1].[Id] AS [Id], 
    [Extent1].[IdUser] AS [IdUser], 
    [Extent1].[UserName] AS [UserName], 
    [Extent1].[PlanName] AS [PlanName], 
    [Extent1].[Description] AS [Description], 
    [Extent1].[Deadline] AS [Deadline], 
    [Extent1].[Status] AS [Status]
    FROM [dbo].[PlanModels] AS [Extent1]
    WHERE [Extent1].[IdUser] = @p__linq__0
